c:\users\admin\onedrive\documents\487\hw\program4\program4\x64\debug\vc140.pdb
c:\users\admin\onedrive\documents\487\hw\program4\program4\x64\debug\vc140.idb
c:\users\admin\onedrive\documents\487\hw\program4\program4\x64\debug\source.obj
c:\users\admin\onedrive\documents\487\hw\program4\program4\x64\debug\driver.obj
c:\users\admin\desktop\sharedfolder\photobooth\program4\x64\debug\vc140.pdb
c:\users\admin\desktop\sharedfolder\photobooth\program4\x64\debug\vc140.idb
c:\users\admin\desktop\sharedfolder\photobooth\program4\x64\debug\driver.obj
c:\users\admin\desktop\sharedfolder\photobooth\program4\x64\debug\facerecognition.obj
c:\users\admin\desktop\sharedfolder\photobooth\program4\x64\debug\keyboardinput.obj
c:\users\admin\desktop\sharedfolder\photobooth\program4\x64\debug\itemoverlay.obj
c:\users\admin\desktop\sharedfolder\photobooth\program4\x64\debug\controller.obj
c:\users\admin\desktop\sharedfolder\photobooth\program4\x64\debug\hat.obj
c:\users\admin\desktop\sharedfolder\photobooth\program4\x64\debug\glasses.obj
c:\users\admin\onedrive\documents\487\hw\program4\x64\debug\program4.ilk
c:\users\admin\onedrive\documents\487\hw\program4\x64\debug\program4.exe
c:\users\admin\onedrive\documents\487\hw\program4\x64\debug\program4.pdb
c:\users\admin\desktop\sharedfolder\photobooth\program4\x64\debug\itemtesting.obj
c:\users\admin\desktop\sharedfolder\photobooth\program4\x64\debug\source.obj
c:\users\admin\desktop\sharedfolder\photobooth\program4\x64\debug\webcamtest.obj
c:\users\admin\desktop\sharedfolder\photobooth\program4\x64\debug\program4.ilk
c:\users\admin\desktop\sharedfolder\photobooth\program4\x64\debug\program4.pdb
c:\users\admin\desktop\sharedfolder\photobooth\x64\debug\program4.pdb
c:\users\admin\desktop\sharedfolder\photobooth\program4\x64\debug\program4.tlog\cl.command.1.tlog
c:\users\admin\desktop\sharedfolder\photobooth\program4\x64\debug\program4.tlog\cl.read.1.tlog
c:\users\admin\desktop\sharedfolder\photobooth\program4\x64\debug\program4.tlog\cl.write.1.tlog
c:\users\admin\desktop\sharedfolder\photobooth\program4\x64\debug\program4.tlog\link.command.1.tlog
c:\users\admin\desktop\sharedfolder\photobooth\program4\x64\debug\program4.tlog\link.read.1.tlog
c:\users\admin\desktop\sharedfolder\photobooth\program4\x64\debug\program4.tlog\link.write.1.tlog
